<?xml version="1.0" encoding="UTF-8"?>
<testng-results ignored="0" total="1" passed="1" failed="0" skipped="0">
  <reporter-output>
  </reporter-output>
  <suite started-at="2023-07-05T17:21:36 IST" name="Suite" finished-at="2023-07-05T17:21:44 IST" duration-ms="7621">
    <groups>
    </groups>
    <test started-at="2023-07-05T17:21:36 IST" name="Test" finished-at="2023-07-05T17:21:44 IST" duration-ms="7621">
      <class name="Apps.FinalTesting">
        <test-method signature="verifyTitle()[pri:0, instance:Apps.FinalTesting@3d74bf60]" started-at="2023-07-05T17:21:36 IST" name="verifyTitle" finished-at="2023-07-05T17:21:44 IST" duration-ms="7571" status="PASS">
          <reporter-output>
          </reporter-output>
        </test-method> <!-- verifyTitle -->
      </class> <!-- Apps.FinalTesting -->
    </test> <!-- Test -->
  </suite> <!-- Suite -->
</testng-results>
