<?xml version="1.0" encoding="UTF-8"?>
<testng-results ignored="0" total="1" passed="1" failed="0" skipped="0">
  <reporter-output>
  </reporter-output>
  <suite started-at="2023-07-05T17:21:01 IST" name="Default suite" finished-at="2023-07-05T17:21:12 IST" duration-ms="11285">
    <groups>
    </groups>
    <test started-at="2023-07-05T17:21:01 IST" name="Default test" finished-at="2023-07-05T17:21:12 IST" duration-ms="11285">
      <class name="Apps.FinalTesting">
        <test-method signature="verifyTitle()[pri:0, instance:Apps.FinalTesting@436813f3]" started-at="2023-07-05T17:21:01 IST" name="verifyTitle" finished-at="2023-07-05T17:21:12 IST" duration-ms="11242" status="PASS">
          <reporter-output>
          </reporter-output>
        </test-method> <!-- verifyTitle -->
      </class> <!-- Apps.FinalTesting -->
    </test> <!-- Default test -->
  </suite> <!-- Default suite -->
</testng-results>
